{"timestamp": "2025-10-25T16:28:57.972148Z", "level": "info", "event": "Running in LOCAL mode: .env loaded"}
{"timestamp": "2025-10-25T16:28:57.972730Z", "level": "info", "event": "Loaded GOOGLE_API_KEY from individual env var"}
{"keys": {"GOOGLE_API_KEY": "AIzaSy..."}, "timestamp": "2025-10-25T16:28:57.973189Z", "level": "info", "event": "API keys loaded"}
{"config_keys": ["embedding_model", "retriever", "llm"], "timestamp": "2025-10-25T16:28:57.976253Z", "level": "info", "event": "YAML config loaded"}
{"session_id": "session_20251025_215857_34598a56", "temp_dir": "C:\\GenAI Hackathon\\2.0\\data\\session_20251025_215857_34598a56", "faiss_dir": "C:\\GenAI Hackathon\\2.0\\faiss_index\\session_20251025_215857_34598a56", "sessionized": true, "timestamp": "2025-10-25T16:28:57.978592Z", "level": "info", "event": "ChatIngestor initialized"}
{"uploaded": "/GenAI Hackathon/2.0/data/AgenticRAGRedefiningRetrieval-AugmentedGenerationforAdaptiveIntelligence.pdf", "saved_as": "C:\\GenAI Hackathon\\2.0\\data\\session_20251025_215857_34598a56\\3f2a0cb7.pdf", "timestamp": "2025-10-25T16:28:57.982111Z", "level": "info", "event": "File saved for ingestion"}
{"error": "`pypdf` package not found, please install it with `pip install pypdf`", "timestamp": "2025-10-25T16:28:58.072786Z", "level": "error", "event": "Failed loading documents"}
{"error": "Error in [C:\\GenAI Hackathon\\2.0\\.venv\\Lib\\site-packages\\langchain_community\\document_loaders\\parsers\\pdf.py] at line [361] | Message: Error loading documents\nTraceback:\nTraceback (most recent call last):\n  File \"C:\\GenAI Hackathon\\2.0\\.venv\\Lib\\site-packages\\langchain_community\\document_loaders\\parsers\\pdf.py\", line 359, in lazy_parse\n    import pypdf\nModuleNotFoundError: No module named 'pypdf'\n\nDuring handling of the above exception, another exception occurred:\n\nTraceback (most recent call last):\n  File \"C:\\GenAI Hackathon\\2.0\\cementGPT_llm_chat\\utils\\document_ops.py\", line 28, in load_documents\n    docs.extend(loader.load())\n                ~~~~~~~~~~~^^\n  File \"C:\\GenAI Hackathon\\2.0\\.venv\\Lib\\site-packages\\langchain_core\\document_loaders\\base.py\", line 32, in load\n    return list(self.lazy_load())\n  File \"C:\\GenAI Hackathon\\2.0\\.venv\\Lib\\site-packages\\langchain_community\\document_loaders\\pdf.py\", line 305, in lazy_load\n    yield from self.parser.lazy_parse(blob)\n  File \"C:\\GenAI Hackathon\\2.0\\.venv\\Lib\\site-packages\\langchain_community\\document_loaders\\parsers\\pdf.py\", line 361, in lazy_parse\n    raise ImportError(\n        \"`pypdf` package not found, please install it with `pip install pypdf`\"\n    )\nImportError: `pypdf` package not found, please install it with `pip install pypdf`\n", "timestamp": "2025-10-25T16:28:58.077901Z", "level": "error", "event": "Failed to build retriever"}
